C:\USERS\ICELERO\DESKTOP\DLLVERSIONINGDEMO\DEBUG\VERSIONEDDLL.DLL
C:\Users\icelero\Desktop\DLLVersioningDemo\Debug\VersionedDLL.exp
C:\USERS\ICELERO\DESKTOP\DLLVERSIONINGDEMO\DEBUG\VERSIONEDDLL.ILK
C:\Users\icelero\Desktop\DLLVersioningDemo\Debug\VersionedDLL.lib
C:\USERS\ICELERO\DESKTOP\DLLVERSIONINGDEMO\DEBUG\VERSIONEDDLL.PDB
C:\Users\icelero\Desktop\DLLVersioningDemo\VersionedDLL\Debug\cl.command.1.tlog
C:\Users\icelero\Desktop\DLLVersioningDemo\VersionedDLL\Debug\CL.read.1.tlog
C:\Users\icelero\Desktop\DLLVersioningDemo\VersionedDLL\Debug\CL.write.1.tlog
C:\USERS\ICELERO\DESKTOP\DLLVERSIONINGDEMO\VERSIONEDDLL\DEBUG\DLLMAIN.OBJ
C:\Users\icelero\Desktop\DLLVersioningDemo\VersionedDLL\Debug\link.command.1.tlog
C:\Users\icelero\Desktop\DLLVersioningDemo\VersionedDLL\Debug\link.read.1.tlog
C:\Users\icelero\Desktop\DLLVersioningDemo\VersionedDLL\Debug\link.write.1.tlog
C:\Users\icelero\Desktop\DLLVersioningDemo\VersionedDLL\Debug\link-cvtres.read.1.tlog
C:\Users\icelero\Desktop\DLLVersioningDemo\VersionedDLL\Debug\link-cvtres.write.1.tlog
C:\Users\icelero\Desktop\DLLVersioningDemo\VersionedDLL\Debug\mt.command.1.tlog
C:\Users\icelero\Desktop\DLLVersioningDemo\VersionedDLL\Debug\mt.read.1.tlog
C:\Users\icelero\Desktop\DLLVersioningDemo\VersionedDLL\Debug\mt.write.1.tlog
C:\Users\icelero\Desktop\DLLVersioningDemo\VersionedDLL\Debug\rc.command.1.tlog
C:\Users\icelero\Desktop\DLLVersioningDemo\VersionedDLL\Debug\rc.read.1.tlog
C:\Users\icelero\Desktop\DLLVersioningDemo\VersionedDLL\Debug\rc.write.1.tlog
C:\USERS\ICELERO\DESKTOP\DLLVERSIONINGDEMO\VERSIONEDDLL\DEBUG\STDAFX.OBJ
C:\Users\icelero\Desktop\DLLVersioningDemo\VersionedDLL\Debug\vc100.idb
C:\USERS\ICELERO\DESKTOP\DLLVERSIONINGDEMO\VERSIONEDDLL\DEBUG\VC100.PDB
C:\USERS\ICELERO\DESKTOP\DLLVERSIONINGDEMO\VERSIONEDDLL\DEBUG\VERSIONEDDLL.DLL.EMBED.MANIFEST
C:\USERS\ICELERO\DESKTOP\DLLVERSIONINGDEMO\VERSIONEDDLL\DEBUG\VERSIONEDDLL.DLL.EMBED.MANIFEST.RES
C:\USERS\ICELERO\DESKTOP\DLLVERSIONINGDEMO\VERSIONEDDLL\DEBUG\VERSIONEDDLL.DLL.INTERMEDIATE.MANIFEST
C:\USERS\ICELERO\DESKTOP\DLLVERSIONINGDEMO\VERSIONEDDLL\DEBUG\VERSIONEDDLL.OBJ
C:\USERS\ICELERO\DESKTOP\DLLVERSIONINGDEMO\VERSIONEDDLL\DEBUG\VERSIONEDDLL.PCH
C:\USERS\ICELERO\DESKTOP\DLLVERSIONINGDEMO\VERSIONEDDLL\DEBUG\VERSIONEDDLL.RES
C:\Users\icelero\Desktop\DLLVersioningDemo\VersionedDLL\Debug\VersionedDLL.write.1.tlog
C:\Users\icelero\Desktop\DLLVersioningDemo\VersionedDLL\Debug\VersionedDLL_manifest.rc
