Build started 12/21/2013 3:38:13 PM.
Project "C:\Users\icelero\Desktop\DLLVersioningDemo\VersionedDLLClientApp\VersionedDLLClientApp.vcxproj" on node 2 (build target(s)).
InitializeBuildStatus:
  Creating "Debug\VersionedDLLClientApp.unsuccessfulbuild" because "AlwaysCreate" was specified.
ClCompile:
  C:\Program Files\Microsoft Visual Studio 10.0\VC\bin\CL.exe /c /ZI /nologo /W3 /WX- /Od /Oy- /D WIN32 /D _DEBUG /D _CONSOLE /D _UNICODE /D UNICODE /Gm /EHsc /RTC1 /MDd /GS /fp:precise /Zc:wchar_t /Zc:forScope /Fo"Debug\\" /Fd"Debug\vc100.pdb" /Gd /TP /analyze- /errorReport:prompt main.cpp
  main.cpp
ManifestResourceCompile:
  All outputs are up-to-date.
Link:
  C:\Program Files\Microsoft Visual Studio 10.0\VC\bin\link.exe /ERRORREPORT:PROMPT /OUT:"C:\Users\icelero\Desktop\DLLVersioningDemo\Debug\VersionedDLLClientApp.exe" /INCREMENTAL /NOLOGO version.lib kernel32.lib user32.lib gdi32.lib winspool.lib comdlg32.lib advapi32.lib shell32.lib ole32.lib oleaut32.lib uuid.lib odbc32.lib odbccp32.lib /MANIFEST /ManifestFile:"Debug\VersionedDLLClientApp.exe.intermediate.manifest" /MANIFESTUAC:"level='asInvoker' uiAccess='false'" /DEBUG /PDB:"C:\Users\icelero\Desktop\DLLVersioningDemo\Debug\VersionedDLLClientApp.pdb" /SUBSYSTEM:CONSOLE /TLBID:1 /DYNAMICBASE /NXCOMPAT /IMPLIB:"C:\Users\icelero\Desktop\DLLVersioningDemo\Debug\VersionedDLLClientApp.lib" /MACHINE:X86 Debug\VersionedDLLClientApp.exe.embed.manifest.res
  Debug\main.obj
Manifest:
  C:\Program Files\Microsoft SDKs\Windows\v7.0A\bin\mt.exe /nologo /verbose /out:"Debug\VersionedDLLClientApp.exe.embed.manifest" /manifest Debug\VersionedDLLClientApp.exe.intermediate.manifest
  All outputs are up-to-date.
LinkEmbedManifest:
  All outputs are up-to-date.
  VersionedDLLClientApp.vcxproj -> C:\Users\icelero\Desktop\DLLVersioningDemo\Debug\VersionedDLLClientApp.exe
FinalizeBuildStatus:
  Deleting file "Debug\VersionedDLLClientApp.unsuccessfulbuild".
  Touching "Debug\VersionedDLLClientApp.lastbuildstate".
Done Building Project "C:\Users\icelero\Desktop\DLLVersioningDemo\VersionedDLLClientApp\VersionedDLLClientApp.vcxproj" (build target(s)).

Build succeeded.

Time Elapsed 00:00:04.71
