C:\USERS\ICELERO\DESKTOP\DLLVERSIONINGDEMO\DEBUG\VERSIONEDDLLCLIENTAPP.EXE
C:\USERS\ICELERO\DESKTOP\DLLVERSIONINGDEMO\DEBUG\VERSIONEDDLLCLIENTAPP.ILK
C:\USERS\ICELERO\DESKTOP\DLLVERSIONINGDEMO\DEBUG\VERSIONEDDLLCLIENTAPP.PDB
C:\Users\icelero\Desktop\DLLVersioningDemo\VersionedDLLClientApp\Debug\cl.command.1.tlog
C:\Users\icelero\Desktop\DLLVersioningDemo\VersionedDLLClientApp\Debug\CL.read.1.tlog
C:\Users\icelero\Desktop\DLLVersioningDemo\VersionedDLLClientApp\Debug\CL.write.1.tlog
C:\Users\icelero\Desktop\DLLVersioningDemo\VersionedDLLClientApp\Debug\link.command.1.tlog
C:\Users\icelero\Desktop\DLLVersioningDemo\VersionedDLLClientApp\Debug\link.read.1.tlog
C:\Users\icelero\Desktop\DLLVersioningDemo\VersionedDLLClientApp\Debug\link.write.1.tlog
C:\Users\icelero\Desktop\DLLVersioningDemo\VersionedDLLClientApp\Debug\link-cvtres.read.1.tlog
C:\Users\icelero\Desktop\DLLVersioningDemo\VersionedDLLClientApp\Debug\link-cvtres.write.1.tlog
C:\USERS\ICELERO\DESKTOP\DLLVERSIONINGDEMO\VERSIONEDDLLCLIENTAPP\DEBUG\MAIN.OBJ
C:\Users\icelero\Desktop\DLLVersioningDemo\VersionedDLLClientApp\Debug\mt.command.1.tlog
C:\Users\icelero\Desktop\DLLVersioningDemo\VersionedDLLClientApp\Debug\mt.read.1.tlog
C:\Users\icelero\Desktop\DLLVersioningDemo\VersionedDLLClientApp\Debug\mt.write.1.tlog
C:\Users\icelero\Desktop\DLLVersioningDemo\VersionedDLLClientApp\Debug\rc.command.1.tlog
C:\Users\icelero\Desktop\DLLVersioningDemo\VersionedDLLClientApp\Debug\rc.read.1.tlog
C:\Users\icelero\Desktop\DLLVersioningDemo\VersionedDLLClientApp\Debug\rc.write.1.tlog
C:\Users\icelero\Desktop\DLLVersioningDemo\VersionedDLLClientApp\Debug\vc100.idb
C:\USERS\ICELERO\DESKTOP\DLLVERSIONINGDEMO\VERSIONEDDLLCLIENTAPP\DEBUG\VC100.PDB
C:\USERS\ICELERO\DESKTOP\DLLVERSIONINGDEMO\VERSIONEDDLLCLIENTAPP\DEBUG\VERSIONEDDLLCLIENTAPP.EXE.EMBED.MANIFEST
C:\USERS\ICELERO\DESKTOP\DLLVERSIONINGDEMO\VERSIONEDDLLCLIENTAPP\DEBUG\VERSIONEDDLLCLIENTAPP.EXE.EMBED.MANIFEST.RES
C:\USERS\ICELERO\DESKTOP\DLLVERSIONINGDEMO\VERSIONEDDLLCLIENTAPP\DEBUG\VERSIONEDDLLCLIENTAPP.EXE.INTERMEDIATE.MANIFEST
C:\Users\icelero\Desktop\DLLVersioningDemo\VersionedDLLClientApp\Debug\VersionedDLLClientApp_manifest.rc
